[2025-08-07 09:26:34] local.ERROR: Property [expires_at] does not exist on this collection instance. {"exception":"[object] (Exception(code: 0): Property [expires_at] does not exist on this collection instance. at /home/bb/PhpstormProjects/Stellar.User.Api/vendor/laravel/framework/src/Illuminate/Collections/Traits/EnumeratesValues.php:1001)
[stacktrace]
#0 /home/bb/PhpstormProjects/Stellar.User.Api/app/Http/Controllers/V1/UserController.php(105): Illuminate\\Support\\Collection->__get()
#1 /home/bb/PhpstormProjects/Stellar.User.Api/vendor/laravel/framework/src/Illuminate/Routing/Controller.php(54): App\\Http\\Controllers\\V1\\UserController->verifyresetpasswordandupdate()
#2 /home/bb/PhpstormProjects/Stellar.User.Api/vendor/laravel/framework/src/Illuminate/Routing/ControllerDispatcher.php(43): Illuminate\\Routing\\Controller->callAction()
#3 /home/bb/PhpstormProjects/Stellar.User.Api/vendor/laravel/framework/src/Illuminate/Routing/Route.php(259): Illuminate\\Routing\\ControllerDispatcher->dispatch()
#4 /home/bb/PhpstormProjects/Stellar.User.Api/vendor/laravel/framework/src/Illuminate/Routing/Route.php(205): Illuminate\\Routing\\Route->runController()
#5 /home/bb/PhpstormProjects/Stellar.User.Api/vendor/laravel/framework/src/Illuminate/Routing/Router.php(799): Illuminate\\Routing\\Route->run()
#6 /home/bb/PhpstormProjects/Stellar.User.Api/vendor/laravel/framework/src/Illuminate/Pipeline/Pipeline.php(141): Illuminate\\Routing\\Router->Illuminate\\Routing\\{closure}()
#7 /home/bb/PhpstormProjects/Stellar.User.Api/app/Http/Middleware/BasicAuth.php(30): Illuminate\\Pipeline\\Pipeline->Illuminate\\Pipeline\\{closure}()
#8 /home/bb/PhpstormProjects/Stellar.User.Api/vendor/laravel/framework/src/Illuminate/Pipeline/Pipeline.php(180): App\\Http\\Middleware\\BasicAuth->handle()
#9 /home/bb/PhpstormProjects/Stellar.User.Api/vendor/laravel/framework/src/Illuminate/Routing/Middleware/SubstituteBindings.php(50): Illuminate\\Pipeline\\Pipeline->Illuminate\\Pipeline\\{closure}()
#10 /home/bb/PhpstormProjects/Stellar.User.Api/vendor/laravel/framework/src/Illuminate/Pipeline/Pipeline.php(180): Illuminate\\Routing\\Middleware\\SubstituteBindings->handle()
#11 /home/bb/PhpstormProjects/Stellar.User.Api/vendor/laravel/framework/src/Illuminate/Routing/Middleware/ThrottleRequests.php(159): Illuminate\\Pipeline\\Pipeline->Illuminate\\Pipeline\\{closure}()
#12 /home/bb/PhpstormProjects/Stellar.User.Api/vendor/laravel/framework/src/Illuminate/Routing/Middleware/ThrottleRequests.php(125): Illuminate\\Routing\\Middleware\\ThrottleRequests->handleRequest()
#13 /home/bb/PhpstormProjects/Stellar.User.Api/vendor/laravel/framework/src/Illuminate/Routing/Middleware/ThrottleRequests.php(87): Illuminate\\Routing\\Middleware\\ThrottleRequests->handleRequestUsingNamedLimiter()
#14 /home/bb/PhpstormProjects/Stellar.User.Api/vendor/laravel/framework/src/Illuminate/Pipeline/Pipeline.php(180): Illuminate\\Routing\\Middleware\\ThrottleRequests->handle()
#15 /home/bb/PhpstormProjects/Stellar.User.Api/vendor/laravel/framework/src/Illuminate/Pipeline/Pipeline.php(116): Illuminate\\Pipeline\\Pipeline->Illuminate\\Pipeline\\{closure}()
#16 /home/bb/PhpstormProjects/Stellar.User.Api/vendor/laravel/framework/src/Illuminate/Routing/Router.php(798): Illuminate\\Pipeline\\Pipeline->then()
#17 /home/bb/PhpstormProjects/Stellar.User.Api/vendor/laravel/framework/src/Illuminate/Routing/Router.php(777): Illuminate\\Routing\\Router->runRouteWithinStack()
#18 /home/bb/PhpstormProjects/Stellar.User.Api/vendor/laravel/framework/src/Illuminate/Routing/Router.php(741): Illuminate\\Routing\\Router->runRoute()
#19 /home/bb/PhpstormProjects/Stellar.User.Api/vendor/laravel/framework/src/Illuminate/Routing/Router.php(730): Illuminate\\Routing\\Router->dispatchToRoute()
#20 /home/bb/PhpstormProjects/Stellar.User.Api/vendor/laravel/framework/src/Illuminate/Foundation/Http/Kernel.php(200): Illuminate\\Routing\\Router->dispatch()
#21 /home/bb/PhpstormProjects/Stellar.User.Api/vendor/laravel/framework/src/Illuminate/Pipeline/Pipeline.php(141): Illuminate\\Foundation\\Http\\Kernel->Illuminate\\Foundation\\Http\\{closure}()
#22 /home/bb/PhpstormProjects/Stellar.User.Api/vendor/laravel/framework/src/Illuminate/Foundation/Http/Middleware/TransformsRequest.php(21): Illuminate\\Pipeline\\Pipeline->Illuminate\\Pipeline\\{closure}()
#23 /home/bb/PhpstormProjects/Stellar.User.Api/vendor/laravel/framework/src/Illuminate/Foundation/Http/Middleware/ConvertEmptyStringsToNull.php(31): Illuminate\\Foundation\\Http\\Middleware\\TransformsRequest->handle()
#24 /home/bb/PhpstormProjects/Stellar.User.Api/vendor/laravel/framework/src/Illuminate/Pipeline/Pipeline.php(180): Illuminate\\Foundation\\Http\\Middleware\\ConvertEmptyStringsToNull->handle()
#25 /home/bb/PhpstormProjects/Stellar.User.Api/vendor/laravel/framework/src/Illuminate/Foundation/Http/Middleware/TransformsRequest.php(21): Illuminate\\Pipeline\\Pipeline->Illuminate\\Pipeline\\{closure}()
#26 /home/bb/PhpstormProjects/Stellar.User.Api/vendor/laravel/framework/src/Illuminate/Foundation/Http/Middleware/TrimStrings.php(40): Illuminate\\Foundation\\Http\\Middleware\\TransformsRequest->handle()
#27 /home/bb/PhpstormProjects/Stellar.User.Api/vendor/laravel/framework/src/Illuminate/Pipeline/Pipeline.php(180): Illuminate\\Foundation\\Http\\Middleware\\TrimStrings->handle()
#28 /home/bb/PhpstormProjects/Stellar.User.Api/vendor/laravel/framework/src/Illuminate/Foundation/Http/Middleware/ValidatePostSize.php(27): Illuminate\\Pipeline\\Pipeline->Illuminate\\Pipeline\\{closure}()
#29 /home/bb/PhpstormProjects/Stellar.User.Api/vendor/laravel/framework/src/Illuminate/Pipeline/Pipeline.php(180): Illuminate\\Foundation\\Http\\Middleware\\ValidatePostSize->handle()
#30 /home/bb/PhpstormProjects/Stellar.User.Api/vendor/laravel/framework/src/Illuminate/Foundation/Http/Middleware/PreventRequestsDuringMaintenance.php(89): Illuminate\\Pipeline\\Pipeline->Illuminate\\Pipeline\\{closure}()
#31 /home/bb/PhpstormProjects/Stellar.User.Api/vendor/laravel/framework/src/Illuminate/Pipeline/Pipeline.php(180): Illuminate\\Foundation\\Http\\Middleware\\PreventRequestsDuringMaintenance->handle()
#32 /home/bb/PhpstormProjects/Stellar.User.Api/vendor/laravel/framework/src/Illuminate/Http/Middleware/HandleCors.php(62): Illuminate\\Pipeline\\Pipeline->Illuminate\\Pipeline\\{closure}()
#33 /home/bb/PhpstormProjects/Stellar.User.Api/vendor/laravel/framework/src/Illuminate/Pipeline/Pipeline.php(180): Illuminate\\Http\\Middleware\\HandleCors->handle()
#34 /home/bb/PhpstormProjects/Stellar.User.Api/vendor/laravel/framework/src/Illuminate/Http/Middleware/TrustProxies.php(39): Illuminate\\Pipeline\\Pipeline->Illuminate\\Pipeline\\{closure}()
#35 /home/bb/PhpstormProjects/Stellar.User.Api/vendor/laravel/framework/src/Illuminate/Pipeline/Pipeline.php(180): Illuminate\\Http\\Middleware\\TrustProxies->handle()
#36 /home/bb/PhpstormProjects/Stellar.User.Api/vendor/mondago/laravel-application-insights/src/Middleware/TrackRequest.php(29): Illuminate\\Pipeline\\Pipeline->Illuminate\\Pipeline\\{closure}()
#37 /home/bb/PhpstormProjects/Stellar.User.Api/vendor/laravel/framework/src/Illuminate/Pipeline/Pipeline.php(180): Mondago\\ApplicationInsights\\Middleware\\TrackRequest->handle()
#38 /home/bb/PhpstormProjects/Stellar.User.Api/vendor/laravel/framework/src/Illuminate/Pipeline/Pipeline.php(116): Illuminate\\Pipeline\\Pipeline->Illuminate\\Pipeline\\{closure}()
#39 /home/bb/PhpstormProjects/Stellar.User.Api/vendor/laravel/framework/src/Illuminate/Foundation/Http/Kernel.php(175): Illuminate\\Pipeline\\Pipeline->then()
#40 /home/bb/PhpstormProjects/Stellar.User.Api/vendor/laravel/framework/src/Illuminate/Foundation/Http/Kernel.php(144): Illuminate\\Foundation\\Http\\Kernel->sendRequestThroughRouter()
#41 /home/bb/PhpstormProjects/Stellar.User.Api/public/index.php(51): Illuminate\\Foundation\\Http\\Kernel->handle()
#42 /home/bb/PhpstormProjects/Stellar.User.Api/vendor/laravel/framework/src/Illuminate/Foundation/resources/server.php(16): require_once('...')
#43 {main}
"} 
